<?xml version="1.0" encoding="UTF-8"?>
<!-- Generated by org.testng.reporters.JUnitReportReporter -->
<testsuite hostname="DESKTOP-K42ITB2" failures="0" tests="4" name="Day6.TestScript06" time="79.608" errors="0" timestamp="2023-03-03T15:27:13 IST" skipped="0">
  <testcase classname="Day6.TestScript06" name="testCase05" time="20.799"/>
  <system-out/>
  <testcase classname="Day6.TestScript06" name="testCase05" time="19.171"/>
  <system-out/>
  <testcase classname="Day6.TestScript06" name="testCase05" time="20.562"/>
  <system-out/>
  <testcase classname="Day6.TestScript06" name="testCase05" time="19.076"/>
  <system-out/>
</testsuite> <!-- Day6.TestScript06 -->
