<?xml version="1.0" encoding="UTF-8"?>
<!-- Generated by org.testng.reporters.JUnitReportReporter -->
<testsuite hostname="DESKTOP-K42ITB2" failures="0" tests="4" name="Day5.TestScript05" time="77.464" errors="0" timestamp="2023-03-02T11:19:58 IST" skipped="0">
  <testcase classname="Day5.TestScript05" name="testCase05" time="21.160"/>
  <system-out/>
  <testcase classname="Day5.TestScript05" name="testCase05" time="19.333"/>
  <system-out/>
  <testcase classname="Day5.TestScript05" name="testCase05" time="17.253"/>
  <system-out/>
  <testcase classname="Day5.TestScript05" name="testCase05" time="19.718"/>
  <system-out/>
</testsuite> <!-- Day5.TestScript05 -->
